<?xml version="1.0" encoding="UTF-8"?>
<testsuites name="FptBook_TestSuite" time="187.351" tests="1" failures="0" errors="0">
   <testsuite name="FptBook_TestSuite" tests="1" failures="0" errors="0" time="187.351" skipped="0" timestamp="2021-11-05 11:41:55" hostname="root - d7c2a249c00a" id="Test Suites/FptBook_TestSuite">
      <properties>
         <property name="deviceName" value=""/>
         <property name="devicePlatform" value=""/>
         <property name="logFolder" value="/tmp/project/Reports/20211105_114127/FptBook_TestSuite/20211105_114137"/>
         <property name="logFiles" value="/tmp/project/Reports/20211105_114127/FptBook_TestSuite/20211105_114137/execution0.log"/>
         <property name="attachments" value="keyes/keyes-report_Empty_Cart.png"/>
         <property name="hostName" value="root - d7c2a249c00a"/>
         <property name="os" value="Linux 64bit"/>
         <property name="katalonVersion" value="8.1.0.208"/>
         <property name="browser" value="Firefox 88.0"/>
         <property name="hostAddress" value="172.23.0.2"/>
         <property name="sessionId" value="10a109f9-f8e3-4e0c-ad94-bd038ea140a7"/>
         <property name="seleniumVersion" value="3.141.59"/>
         <property name="proxyInformation" value="ProxyInformation { proxyOption=NO_PROXY, proxyServerType=HTTP, username=, password=********, proxyServerAddress=, proxyServerPort=0, executionList=&quot;&quot;, isApplyToDesiredCapabilities=true }"/>
         <property name="platform" value="Linux"/>
      </properties>
      <testcase name="Test Cases/FptBook/FptBook_Automation_Screenshot_EmptyCart" time="181.987" classname="Test Cases/FptBook/FptBook_Automation_Screenshot_EmptyCart" status="PASSED">
         <system-out><![CDATA[2021-11-05 11:41:58 - [TEST_CASE][PASSED] - Test Cases/FptBook/FptBook_Automation_Screenshot_EmptyCart: Test Cases/FptBook/FptBook_Automation_Screenshot_EmptyCart

2021-11-05 11:42:02 - [TEST_STEP][PASSED] - openBrowser(""): Browser is opened with url: ''

2021-11-05 11:42:04 - [MESSAGE][INFO] - Starting 'Firefox' driver

2021-11-05 11:42:05 - [MESSAGE][INFO] - Action delay is set to 0 milliseconds

2021-11-05 11:42:22 - [MESSAGE][PASSED] - Browser is opened with url: ''

2021-11-05 11:42:22 - [TEST_STEP][PASSED] - navigateToUrl("http://fptbookstore.slimair.cool/"): Navigate to 'http://fptbookstore.slimair.cool/' successfully

2021-11-05 11:42:33 - [MESSAGE][PASSED] - Navigate to 'http://fptbookstore.slimair.cool/' successfully

2021-11-05 11:42:33 - [TEST_STEP][PASSED] - maximizeWindow(): Current window maximized

2021-11-05 11:42:35 - [MESSAGE][PASSED] - Current window maximized

2021-11-05 11:42:35 - [TEST_STEP][PASSED] - click(findTestObject("FptBook_Product_Cart_Repo/Page_Home  FptBookStore/a_Login")): Object: 'Object Repository/FptBook_Product_Cart_Repo/Page_Home  FptBookStore/a_Login' is clicked on

2021-11-05 11:42:55 - [MESSAGE][PASSED] - Object: 'Object Repository/FptBook_Product_Cart_Repo/Page_Home  FptBookStore/a_Login' is clicked on

2021-11-05 11:42:55 - [TEST_STEP][PASSED] - setText(findTestObject("FptBook_Product_Cart_Repo/Page_Home  FptBookStore/input_Email_Input.Email"), "phuongnnse@fpt.edu.vn"): Text 'phuongnnse@fpt.edu.vn' is set on object 'Object Repository/FptBook_Product_Cart_Repo/Page_Home  FptBookStore/input_Email_Input.Email'

2021-11-05 11:42:59 - [MESSAGE][PASSED] - Text 'phuongnnse@fpt.edu.vn' is set on object 'Object Repository/FptBook_Product_Cart_Repo/Page_Home  FptBookStore/input_Email_Input.Email'

2021-11-05 11:42:59 - [TEST_STEP][PASSED] - setEncryptedText(findTestObject("FptBook_Product_Cart_Repo/Page_Home  FptBookStore/input_Password_Input.Password"), "rBiF04Ek6lW1rw3U6XrRJA=="): Text ****** has been set on object 'Object Repository/FptBook_Product_Cart_Repo/Page_Home  FptBookStore/input_Password_Input.Password'

2021-11-05 11:43:02 - [MESSAGE][PASSED] - Text ****** has been set on object 'Object Repository/FptBook_Product_Cart_Repo/Page_Home  FptBookStore/input_Password_Input.Password'

2021-11-05 11:43:02 - [TEST_STEP][PASSED] - click(findTestObject("FptBook_Product_Cart_Repo/Page_Home  FptBookStore/button_Log in")): Object: 'Object Repository/FptBook_Product_Cart_Repo/Page_Home  FptBookStore/button_Log in' is clicked on

2021-11-05 11:43:47 - [MESSAGE][PASSED] - Object: 'Object Repository/FptBook_Product_Cart_Repo/Page_Home  FptBookStore/button_Log in' is clicked on

2021-11-05 11:43:47 - [TEST_STEP][PASSED] - delay(3): Delayed 3 second(s)

2021-11-05 11:43:51 - [MESSAGE][PASSED] - Delayed 3 second(s)

2021-11-05 11:43:51 - [TEST_STEP][PASSED] - navigateToUrl("http://fptbookstore.slimair.cool/Customer/Cart"): Navigate to 'http://fptbookstore.slimair.cool/Customer/Cart' successfully

2021-11-05 11:44:38 - [MESSAGE][PASSED] - Navigate to 'http://fptbookstore.slimair.cool/Customer/Cart' successfully

2021-11-05 11:44:38 - [TEST_STEP][PASSED] - click(findTestObject("FptBook_Product_Cart_Repo/Page_Home  FptBookStore/empty_product_Cart")): Object: 'Object Repository/FptBook_Product_Cart_Repo/Page_Home  FptBookStore/empty_product_Cart' is clicked on

2021-11-05 11:44:42 - [MESSAGE][PASSED] - Object: 'Object Repository/FptBook_Product_Cart_Repo/Page_Home  FptBookStore/empty_product_Cart' is clicked on

2021-11-05 11:44:42 - [TEST_STEP][PASSED] - takeElementScreenshotAsCheckpoint("report_Empty_Cart", findTestObject("FptBook_Product_Cart_Repo/Page_Home  FptBookStore/empty_product_Cart")): Taking screenshot successfully

2021-11-05 11:44:45 - [MESSAGE][WARNING] - Timeout '0' is invalid. Using default page load timeout: '30'

2021-11-05 11:44:55 - [MESSAGE][INFO] - 0 hidden object(s)

2021-11-05 11:44:55 - [MESSAGE][PASSED] - Taking screenshot successfully
[[ATTACHMENT|keyes/keyes-report_Empty_Cart.png]]

2021-11-05 11:44:55 - [TEST_STEP][PASSED] - Start tear down : tearDown: Method 'tearDown' complete successfully

2021-11-05 11:44:55 - [TEST_STEP][PASSED] - closeBrowser(): Browser is closed

2021-11-05 11:45:00 - [MESSAGE][PASSED] - Browser is closed

2021-11-05 11:45:00 - [MESSAGE][PASSED] - Method 'tearDown' complete successfully]]></system-out>
         <system-err><![CDATA[]]></system-err>
      </testcase>
      <system-out><![CDATA[2021-11-05 11:41:55 - [TEST_SUITE][PASSED] - FptBook_TestSuite: Test Cases/FptBook/FptBook_Automation_Screenshot_EmptyCart]]></system-out>
      <system-err><![CDATA[]]></system-err>
   </testsuite>
</testsuites>
